[2025-03-15 08:52:38 +0100] [15115] [INFO] Starting gunicorn 23.0.0
[2025-03-15 08:52:38 +0100] [15115] [INFO] Listening at: http://0.0.0.0:8001 (15115)
[2025-03-15 08:52:38 +0100] [15115] [INFO] Using worker: sync
[2025-03-15 08:52:38 +0100] [15119] [INFO] Booting worker with pid: 15119
[2025-03-15 08:52:38 +0100] [15127] [INFO] Booting worker with pid: 15127
[2025-03-15 08:54:46 +0100] [15115] [INFO] Handling signal: term
[2025-03-15 08:54:46 +0100] [15127] [INFO] Worker exiting (pid: 15127)
[2025-03-15 08:54:46 +0100] [15119] [INFO] Worker exiting (pid: 15119)
[2025-03-15 08:54:46 +0100] [15115] [INFO] Shutting down: Master
[2025-03-15 17:32:13 +0100] [37243] [INFO] Starting gunicorn 23.0.0
[2025-03-15 17:32:13 +0100] [37243] [INFO] Listening at: http://0.0.0.0:8001 (37243)
[2025-03-15 17:32:13 +0100] [37243] [INFO] Using worker: sync
[2025-03-15 17:32:13 +0100] [37246] [INFO] Booting worker with pid: 37246
[2025-03-15 17:32:13 +0100] [37247] [INFO] Booting worker with pid: 37247
[2025-03-15 17:33:51 +0100] [37243] [INFO] Handling signal: term
[2025-03-15 17:33:51 +0100] [37247] [INFO] Worker exiting (pid: 37247)
[2025-03-15 17:33:51 +0100] [37246] [INFO] Worker exiting (pid: 37246)
[2025-03-15 17:33:51 +0100] [37243] [INFO] Shutting down: Master
[2025-03-16 12:32:03 +0100] [46420] [INFO] Starting gunicorn 23.0.0
[2025-03-16 12:32:03 +0100] [46420] [INFO] Listening at: http://0.0.0.0:8001 (46420)
[2025-03-16 12:32:03 +0100] [46420] [INFO] Using worker: sync
[2025-03-16 12:32:03 +0100] [46423] [INFO] Booting worker with pid: 46423
[2025-03-16 12:32:03 +0100] [46424] [INFO] Booting worker with pid: 46424
[2025-03-16 12:34:03 +0100] [46420] [INFO] Handling signal: term
[2025-03-16 12:34:03 +0100] [46423] [INFO] Worker exiting (pid: 46423)
[2025-03-16 12:34:03 +0100] [46424] [INFO] Worker exiting (pid: 46424)
[2025-03-16 12:34:03 +0100] [46420] [INFO] Shutting down: Master
[2025-03-16 12:34:14 +0100] [47537] [INFO] Starting gunicorn 23.0.0
[2025-03-16 12:34:14 +0100] [47537] [INFO] Listening at: http://0.0.0.0:8001 (47537)
[2025-03-16 12:34:14 +0100] [47537] [INFO] Using worker: sync
[2025-03-16 12:34:14 +0100] [47540] [INFO] Booting worker with pid: 47540
[2025-03-16 12:34:14 +0100] [47541] [INFO] Booting worker with pid: 47541
[2025-03-16 12:45:09 +0100] [47537] [INFO] Handling signal: term
[2025-03-16 12:45:09 +0100] [47540] [INFO] Worker exiting (pid: 47540)
[2025-03-16 12:45:09 +0100] [47541] [INFO] Worker exiting (pid: 47541)
[2025-03-16 12:45:09 +0100] [47537] [INFO] Shutting down: Master
[2025-03-16 12:58:11 +0100] [55554] [INFO] Starting gunicorn 23.0.0
[2025-03-16 12:58:11 +0100] [55554] [INFO] Listening at: http://0.0.0.0:8001 (55554)
[2025-03-16 12:58:11 +0100] [55554] [INFO] Using worker: sync
[2025-03-16 12:58:11 +0100] [55557] [INFO] Booting worker with pid: 55557
[2025-03-16 12:58:11 +0100] [55569] [INFO] Booting worker with pid: 55569
